[INFO ] 2024-09-09 18:35:25 [com.cadence.mdv.imc.Main] [main] - Binding debug tools http on port: 44387
[INFO ] 2024-09-09 18:49:17 [com.cadence.mdv.imc.Main] [main] - Binding debug tools http on port: 36663
[INFO ] 2024-09-09 19:05:07 [com.cadence.mdv.imc.Main] [main] - Binding debug tools http on port: 40429
[INFO ] 2024-09-09 19:09:22 [com.cadence.mdv.imc.Main] [main] - Binding debug tools http on port: 37937
[INFO ] 2024-09-09 19:13:18 [com.cadence.mdv.imc.Main] [main] - Binding debug tools http on port: 43603
[INFO ] 2024-09-09 19:15:11 [com.cadence.mdv.imc.Main] [main] - Binding debug tools http on port: 43023
[INFO ] 2024-09-09 19:21:59 [com.cadence.mdv.imc.Main] [main] - Binding debug tools http on port: 44565
[INFO ] 2024-09-09 19:29:36 [com.cadence.mdv.imc.Main] [main] - Binding debug tools http on port: 38291
[ERROR] 2024-09-09 19:31:07 [com.cadence.mdv.vsofParser.VSofExceptionHandler] [chunk-processing-thread-pool-1] - vsof exception: Invalid attribute snap_path at /home/couf1001/Documents/github/S8APP1/verif/vmgr_db/chunks/projects/vmgr/of_sessions/example_session.couf1001.24_09_09_15_30_44_6313/45_0f0f1f6c-6ee2-11ef-ac55-b7dac440d76a.chunk line 22
[INFO ] 2024-09-15 21:57:58 [com.cadence.mdv.imc.Main] [main] - Binding debug tools http on port: 33179
[INFO ] 2024-09-15 22:00:22 [com.cadence.mdv.imc.Main] [main] - Binding debug tools http on port: 40675
[INFO ] 2024-09-16 02:46:50 [com.cadence.mdv.imc.Main] [main] - Binding debug tools http on port: 40751
[INFO ] 2024-09-16 02:52:50 [com.cadence.mdv.imc.Main] [main] - Binding debug tools http on port: 38377
[INFO ] 2024-09-16 14:16:02 [com.cadence.mdv.imc.Main] [main] - Binding debug tools http on port: 42707
[ERROR] 2024-09-16 14:17:42 [com.cadence.mdv.vsofParser.VSofExceptionHandler] [chunk-processing-thread-pool-1] - vsof exception: Invalid attribute snap_path at /home/norc2802/Bureau/S8/4_APP1_PROB/S8APP1/verif/vmgr_db/chunks/projects/vmgr/of_sessions/example_session.norc2802.24_09_16_10_16_58_9651/45_6f719692-7436-11ef-bb8c-972ea106ba65.chunk line 30
[ERROR] 2024-09-16 14:31:30 [com.cadence.mdv.vsofParser.VSofExceptionHandler] [chunk-processing-thread-pool-2] - vsof exception: Invalid attribute snap_path at /home/norc2802/Bureau/S8/4_APP1_PROB/S8APP1/verif/vmgr_db/chunks/projects/vmgr/of_sessions/example_session.norc2802.24_09_16_10_29_31_5826/45_5d69d534-7438-11ef-8b82-031614492e5b.chunk line 30
[ERROR] 2024-09-16 14:57:08 [com.cadence.mdv.vsofParser.VSofExceptionHandler] [chunk-processing-thread-pool-3] - vsof exception: Invalid attribute snap_path at /home/norc2802/Bureau/S8/4_APP1_PROB/S8APP1/verif/vmgr_db/chunks/projects/vmgr/of_sessions/example_session.norc2802.24_09_16_10_55_54_1589/45_f1c114c4-743b-11ef-b3b3-2fc8f8cdda6d.chunk line 30
[ERROR] 2024-09-16 15:00:30 [com.cadence.mdv.vsofParser.VSofExceptionHandler] [chunk-processing-thread-pool-2] - vsof exception: Invalid attribute snap_path at /home/norc2802/Bureau/S8/4_APP1_PROB/S8APP1/verif/vmgr_db/chunks/projects/vmgr/of_sessions/example_session.norc2802.24_09_16_10_58_39_1266/45_5397a94c-743c-11ef-b6c0-1ffffe41c0d1.chunk line 22
[INFO ] 2024-09-16 15:00:31 [com.cadence.mdv.imc.Main] [main] - Binding debug tools http on port: 40041
[ERROR] 2024-09-16 15:02:12 [com.cadence.mdv.vsofParser.VSofExceptionHandler] [chunk-processing-thread-pool-1] - vsof exception: Invalid attribute snap_path at /home/norc2802/Bureau/S8/4_APP1_PROB/S8APP1/verif/vmgr_db/chunks/projects/vmgr/of_sessions/example_session.norc2802.24_09_16_11_00_57_6283/45_a6e8a308-743c-11ef-82a2-e36315c63a8e.chunk line 22
[ERROR] 2024-09-16 15:16:46 [com.cadence.mdv.vsofParser.VSofExceptionHandler] [chunk-processing-thread-pool-4] - vsof exception: Invalid attribute snap_path at /home/norc2802/Bureau/S8/4_APP1_PROB/S8APP1/verif/vmgr_db/chunks/projects/vmgr/of_sessions/example_session.norc2802.24_09_16_11_14_11_3342/45_b0166562-743e-11ef-8892-ebfc8fc485d3.chunk line 30
[ERROR] 2024-09-16 15:45:48 [com.cadence.mdv.vsofParser.VSofExceptionHandler] [chunk-processing-thread-pool-5] - vsof exception: Invalid attribute snap_path at /home/norc2802/Bureau/S8/4_APP1_PROB/S8APP1/verif/vmgr_db/chunks/projects/vmgr/of_sessions/example_session.norc2802.24_09_16_11_45_19_5958/45_be72f6da-7442-11ef-8252-134dd956845d.chunk line 30
[ERROR] 2024-09-16 15:46:19 [com.cadence.mdv.vsofParser.VSofExceptionHandler] [chunk-processing-thread-pool-5] - vsof exception: Invalid attribute snap_path at /home/norc2802/Bureau/S8/4_APP1_PROB/S8APP1/verif/vmgr_db/chunks/projects/vmgr/of_sessions/example_session.norc2802.24_09_16_11_45_19_5958/45_d1134916-7442-11ef-b791-b31e7f54419e.chunk line 22
[ERROR] 2024-09-16 15:46:33 [com.cadence.mdv.vsofParser.VSofExceptionHandler] [chunk-processing-thread-pool-5] - vsof exception: Invalid attribute snap_path at /home/norc2802/Bureau/S8/4_APP1_PROB/S8APP1/verif/vmgr_db/chunks/projects/vmgr/of_sessions/example_session.norc2802.24_09_16_11_45_19_5958/45_d927999a-7442-11ef-b169-77a70567d602.chunk line 22
[ERROR] 2024-09-16 15:46:50 [com.cadence.mdv.vsofParser.VSofExceptionHandler] [chunk-processing-thread-pool-5] - vsof exception: Invalid attribute snap_path at /home/norc2802/Bureau/S8/4_APP1_PROB/S8APP1/verif/vmgr_db/chunks/projects/vmgr/of_sessions/example_session.norc2802.24_09_16_11_45_19_5958/45_e31f2c6a-7442-11ef-b260-1b7cf18e53e0.chunk line 22
[ERROR] 2024-09-16 15:47:05 [com.cadence.mdv.vsofParser.VSofExceptionHandler] [chunk-processing-thread-pool-5] - vsof exception: Invalid attribute snap_path at /home/norc2802/Bureau/S8/4_APP1_PROB/S8APP1/verif/vmgr_db/chunks/projects/vmgr/of_sessions/example_session.norc2802.24_09_16_11_45_19_5958/45_ec229c70-7442-11ef-adfc-6b4f10617c60.chunk line 30
[ERROR] 2024-09-16 15:47:19 [com.cadence.mdv.vsofParser.VSofExceptionHandler] [chunk-processing-thread-pool-5] - vsof exception: Invalid attribute snap_path at /home/norc2802/Bureau/S8/4_APP1_PROB/S8APP1/verif/vmgr_db/chunks/projects/vmgr/of_sessions/example_session.norc2802.24_09_16_11_45_19_5958/45_f463b45a-7442-11ef-96b3-07196ec789ba.chunk line 30
[ERROR] 2024-09-16 15:58:17 [com.cadence.mdv.vsofParser.VSofExceptionHandler] [chunk-processing-thread-pool-6] - vsof exception: Invalid attribute snap_path at /home/norc2802/Bureau/S8/4_APP1_PROB/S8APP1/verif/vmgr_db/chunks/projects/vmgr/of_sessions/example_session.norc2802.24_09_16_11_57_50_3088/45_7c686994-7444-11ef-ae70-2b3fd403b33d.chunk line 30
[ERROR] 2024-09-16 15:58:47 [com.cadence.mdv.vsofParser.VSofExceptionHandler] [chunk-processing-thread-pool-6] - vsof exception: Invalid attribute snap_path at /home/norc2802/Bureau/S8/4_APP1_PROB/S8APP1/verif/vmgr_db/chunks/projects/vmgr/of_sessions/example_session.norc2802.24_09_16_11_57_50_3088/45_8edda922-7444-11ef-b81b-8370b318af17.chunk line 22
[ERROR] 2024-09-16 15:59:00 [com.cadence.mdv.vsofParser.VSofExceptionHandler] [chunk-processing-thread-pool-6] - vsof exception: Invalid attribute snap_path at /home/norc2802/Bureau/S8/4_APP1_PROB/S8APP1/verif/vmgr_db/chunks/projects/vmgr/of_sessions/example_session.norc2802.24_09_16_11_57_50_3088/45_966fb9a0-7444-11ef-942d-330840f65c17.chunk line 30
[ERROR] 2024-09-16 15:59:18 [com.cadence.mdv.vsofParser.VSofExceptionHandler] [chunk-processing-thread-pool-6] - vsof exception: Invalid attribute snap_path at /home/norc2802/Bureau/S8/4_APP1_PROB/S8APP1/verif/vmgr_db/chunks/projects/vmgr/of_sessions/example_session.norc2802.24_09_16_11_57_50_3088/45_a0d7d21a-7444-11ef-b042-933bf4aa52ca.chunk line 22
[ERROR] 2024-09-16 15:59:30 [com.cadence.mdv.vsofParser.VSofExceptionHandler] [chunk-processing-thread-pool-6] - vsof exception: Invalid attribute snap_path at /home/norc2802/Bureau/S8/4_APP1_PROB/S8APP1/verif/vmgr_db/chunks/projects/vmgr/of_sessions/example_session.norc2802.24_09_16_11_57_50_3088/45_a8133e98-7444-11ef-b4fb-2bdf74b05ebb.chunk line 30
[ERROR] 2024-09-16 15:59:45 [com.cadence.mdv.vsofParser.VSofExceptionHandler] [chunk-processing-thread-pool-6] - vsof exception: Invalid attribute snap_path at /home/norc2802/Bureau/S8/4_APP1_PROB/S8APP1/verif/vmgr_db/chunks/projects/vmgr/of_sessions/example_session.norc2802.24_09_16_11_57_50_3088/45_b0fc2d30-7444-11ef-9705-937902c2ae1c.chunk line 22
[ERROR] 2024-09-16 16:03:23 [com.cadence.mdv.vsofParser.VSofExceptionHandler] [chunk-processing-thread-pool-7] - vsof exception: Invalid attribute snap_path at /home/norc2802/Bureau/S8/4_APP1_PROB/S8APP1/verif/vmgr_db/chunks/projects/vmgr/of_sessions/example_session.norc2802.24_09_16_12_02_55_6574/45_336cc342-7445-11ef-ba6e-c3a9882b7a0c.chunk line 30
[ERROR] 2024-09-16 16:03:55 [com.cadence.mdv.vsofParser.VSofExceptionHandler] [chunk-processing-thread-pool-7] - vsof exception: Invalid attribute snap_path at /home/norc2802/Bureau/S8/4_APP1_PROB/S8APP1/verif/vmgr_db/chunks/projects/vmgr/of_sessions/example_session.norc2802.24_09_16_12_02_55_6574/45_45afc040-7445-11ef-bc6c-1f3834e58c34.chunk line 22
[ERROR] 2024-09-16 16:04:09 [com.cadence.mdv.vsofParser.VSofExceptionHandler] [chunk-processing-thread-pool-6] - vsof exception: Invalid attribute snap_path at /home/norc2802/Bureau/S8/4_APP1_PROB/S8APP1/verif/vmgr_db/chunks/projects/vmgr/of_sessions/example_session.norc2802.24_09_16_12_02_55_6574/45_4e68323a-7445-11ef-a239-fb5b7cb3fa07.chunk line 22
[ERROR] 2024-09-16 16:04:25 [com.cadence.mdv.vsofParser.VSofExceptionHandler] [chunk-processing-thread-pool-7] - vsof exception: Invalid attribute snap_path at /home/norc2802/Bureau/S8/4_APP1_PROB/S8APP1/verif/vmgr_db/chunks/projects/vmgr/of_sessions/example_session.norc2802.24_09_16_12_02_55_6574/45_57e09da2-7445-11ef-a6ec-0b618e411c52.chunk line 22
[ERROR] 2024-09-16 16:04:40 [com.cadence.mdv.vsofParser.VSofExceptionHandler] [chunk-processing-thread-pool-7] - vsof exception: Invalid attribute snap_path at /home/norc2802/Bureau/S8/4_APP1_PROB/S8APP1/verif/vmgr_db/chunks/projects/vmgr/of_sessions/example_session.norc2802.24_09_16_12_02_55_6574/45_60ce1e9e-7445-11ef-a8d9-93729dad2ec1.chunk line 30
[ERROR] 2024-09-16 16:04:52 [com.cadence.mdv.vsofParser.VSofExceptionHandler] [chunk-processing-thread-pool-6] - vsof exception: Invalid attribute snap_path at /home/norc2802/Bureau/S8/4_APP1_PROB/S8APP1/verif/vmgr_db/chunks/projects/vmgr/of_sessions/example_session.norc2802.24_09_16_12_02_55_6574/45_68814f4e-7445-11ef-b1e2-37474a355fef.chunk line 22
[ERROR] 2024-09-16 16:06:51 [com.cadence.mdv.vsofParser.VSofExceptionHandler] [chunk-processing-thread-pool-6] - vsof exception: Invalid attribute snap_path at /home/norc2802/Bureau/S8/4_APP1_PROB/S8APP1/verif/vmgr_db/chunks/projects/vmgr/of_sessions/example_session.norc2802.24_09_16_12_06_21_0264/45_aeb37b2c-7445-11ef-a432-f7a74dc03ef1.chunk line 30
[ERROR] 2024-09-16 16:07:20 [com.cadence.mdv.vsofParser.VSofExceptionHandler] [chunk-processing-thread-pool-7] - vsof exception: Invalid attribute snap_path at /home/norc2802/Bureau/S8/4_APP1_PROB/S8APP1/verif/vmgr_db/chunks/projects/vmgr/of_sessions/example_session.norc2802.24_09_16_12_06_21_0264/45_c01b5e02-7445-11ef-9cba-af10ebd712f2.chunk line 22
[ERROR] 2024-09-16 16:07:35 [com.cadence.mdv.vsofParser.VSofExceptionHandler] [chunk-processing-thread-pool-6] - vsof exception: Invalid attribute snap_path at /home/norc2802/Bureau/S8/4_APP1_PROB/S8APP1/verif/vmgr_db/chunks/projects/vmgr/of_sessions/example_session.norc2802.24_09_16_12_06_21_0264/45_c93e4026-7445-11ef-8d66-4fac97d10224.chunk line 22
[ERROR] 2024-09-16 16:07:50 [com.cadence.mdv.vsofParser.VSofExceptionHandler] [chunk-processing-thread-pool-7] - vsof exception: Invalid attribute snap_path at /home/norc2802/Bureau/S8/4_APP1_PROB/S8APP1/verif/vmgr_db/chunks/projects/vmgr/of_sessions/example_session.norc2802.24_09_16_12_06_21_0264/45_d2345044-7445-11ef-8e2c-c798de6c5b96.chunk line 22
[ERROR] 2024-09-16 16:08:06 [com.cadence.mdv.vsofParser.VSofExceptionHandler] [chunk-processing-thread-pool-7] - vsof exception: Invalid attribute snap_path at /home/norc2802/Bureau/S8/4_APP1_PROB/S8APP1/verif/vmgr_db/chunks/projects/vmgr/of_sessions/example_session.norc2802.24_09_16_12_06_21_0264/45_dc32c2e2-7445-11ef-a169-ebdfd00f7b73.chunk line 30
[ERROR] 2024-09-16 16:08:18 [com.cadence.mdv.vsofParser.VSofExceptionHandler] [chunk-processing-thread-pool-6] - vsof exception: Invalid attribute snap_path at /home/norc2802/Bureau/S8/4_APP1_PROB/S8APP1/verif/vmgr_db/chunks/projects/vmgr/of_sessions/example_session.norc2802.24_09_16_12_06_21_0264/45_e2abffe4-7445-11ef-aabd-8b1ea2f5d2a7.chunk line 22
